<?xml version="1.0" encoding="UTF-8"?>
<coverage generated="1571783883841" clover="3.2.0">
  <project timestamp="1571783883841" name="All files">
    <metrics statements="10" coveredstatements="10" conditionals="2" coveredconditionals="2" methods="2" coveredmethods="2" elements="14" coveredelements="14" complexity="0" loc="10" ncloc="10" packages="1" files="1" classes="1"/>
    <file name="daily-revenue.js" path="/home/evan/career-track/daily-revenue/daily-revenue.js">
      <metrics statements="10" coveredstatements="10" conditionals="2" coveredconditionals="2" methods="2" coveredmethods="2"/>
      <line num="1" count="1" type="stmt"/>
      <line num="2" count="1" type="stmt"/>
      <line num="3" count="1" type="stmt"/>
      <line num="4" count="100" type="stmt"/>
      <line num="5" count="100" type="stmt"/>
      <line num="6" count="100" type="cond" truecount="2" falsecount="0"/>
      <line num="7" count="72" type="stmt"/>
      <line num="9" count="28" type="stmt"/>
      <line num="12" count="1" type="stmt"/>
      <line num="15" count="1" type="stmt"/>
    </file>
  </project>
</coverage>
